Epoch 1/20

  200/60000 [..............................] - ETA: 32s - loss: 2.6026 - accuracy: 0.0900
 2800/60000 [>.............................] - ETA: 3s - loss: 2.4685 - accuracy: 0.0893 
 4000/60000 [=>............................] - ETA: 2s - loss: 2.4496 - accuracy: 0.0905
 5400/60000 [=>............................] - ETA: 2s - loss: 2.4318 - accuracy: 0.0906
 6800/60000 [==>...........................] - ETA: 2s - loss: 2.4154 - accuracy: 0.0932
 8200/60000 [===>..........................] - ETA: 2s - loss: 2.3982 - accuracy: 0.0950
 9600/60000 [===>..........................] - ETA: 2s - loss: 2.3812 - accuracy: 0.0962
11000/60000 [====>.........................] - ETA: 2s - loss: 2.3677 - accuracy: 0.1012
12400/60000 [=====>........................] - ETA: 2s - loss: 2.3544 - accuracy: 0.1101
13800/60000 [=====>........................] - ETA: 2s - loss: 2.3437 - accuracy: 0.1183
15200/60000 [======>.......................] - ETA: 1s - loss: 2.3331 - accuracy: 0.1270
16600/60000 [=======>......................] - ETA: 1s - loss: 2.3236 - accuracy: 0.1349
18000/60000 [========>.....................] - ETA: 1s - loss: 2.3144 - accuracy: 0.1431
19400/60000 [========>.....................] - ETA: 1s - loss: 2.3050 - accuracy: 0.1538
20600/60000 [=========>....................] - ETA: 1s - loss: 2.2967 - accuracy: 0.1642
22000/60000 [==========>...................] - ETA: 1s - loss: 2.2870 - accuracy: 0.1754
23400/60000 [==========>...................] - ETA: 1s - loss: 2.2784 - accuracy: 0.1856
24800/60000 [===========>..................] - ETA: 1s - loss: 2.2697 - accuracy: 0.1950
26200/60000 [============>.................] - ETA: 1s - loss: 2.2607 - accuracy: 0.2042
27600/60000 [============>.................] - ETA: 1s - loss: 2.2523 - accuracy: 0.2115
29200/60000 [=============>................] - ETA: 1s - loss: 2.2431 - accuracy: 0.2204
30600/60000 [==============>...............] - ETA: 1s - loss: 2.2345 - accuracy: 0.2281
32200/60000 [===============>..............] - ETA: 1s - loss: 2.2245 - accuracy: 0.2379
33600/60000 [===============>..............] - ETA: 1s - loss: 2.2166 - accuracy: 0.2465
35200/60000 [================>.............] - ETA: 0s - loss: 2.2072 - accuracy: 0.2571
36600/60000 [=================>............] - ETA: 0s - loss: 2.1988 - accuracy: 0.2661
38000/60000 [==================>...........] - ETA: 0s - loss: 2.1902 - accuracy: 0.2748
39600/60000 [==================>...........] - ETA: 0s - loss: 2.1803 - accuracy: 0.2850
41000/60000 [===================>..........] - ETA: 0s - loss: 2.1721 - accuracy: 0.2920
42400/60000 [====================>.........] - ETA: 0s - loss: 2.1643 - accuracy: 0.2992
44000/60000 [=====================>........] - ETA: 0s - loss: 2.1550 - accuracy: 0.3083
45400/60000 [=====================>........] - ETA: 0s - loss: 2.1464 - accuracy: 0.3173
46800/60000 [======================>.......] - ETA: 0s - loss: 2.1382 - accuracy: 0.3257
48200/60000 [=======================>......] - ETA: 0s - loss: 2.1299 - accuracy: 0.3338
49600/60000 [=======================>......] - ETA: 0s - loss: 2.1213 - accuracy: 0.3415
51000/60000 [========================>.....] - ETA: 0s - loss: 2.1133 - accuracy: 0.3478
52400/60000 [=========================>....] - ETA: 0s - loss: 2.1050 - accuracy: 0.3542
54000/60000 [==========================>...] - ETA: 0s - loss: 2.0959 - accuracy: 0.3607
55600/60000 [==========================>...] - ETA: 0s - loss: 2.0864 - accuracy: 0.3679
57200/60000 [===========================>..] - ETA: 0s - loss: 2.0769 - accuracy: 0.3750
58800/60000 [============================>.] - ETA: 0s - loss: 2.0672 - accuracy: 0.3822
60000/60000 [==============================] - 2s 39us/step - loss: 2.0603 - accuracy: 0.3865
Epoch 2/20

  200/60000 [..............................] - ETA: 3s - loss: 1.6937 - accuracy: 0.6250
 1800/60000 [..............................] - ETA: 2s - loss: 1.6894 - accuracy: 0.6189
 3200/60000 [>.............................] - ETA: 2s - loss: 1.6882 - accuracy: 0.6206
 4800/60000 [=>............................] - ETA: 2s - loss: 1.6840 - accuracy: 0.6273
 6400/60000 [==>...........................] - ETA: 1s - loss: 1.6765 - accuracy: 0.6327
 8000/60000 [===>..........................] - ETA: 1s - loss: 1.6682 - accuracy: 0.6384
 9400/60000 [===>..........................] - ETA: 1s - loss: 1.6586 - accuracy: 0.6454
11000/60000 [====>.........................] - ETA: 1s - loss: 1.6495 - accuracy: 0.6516
12600/60000 [=====>........................] - ETA: 1s - loss: 1.6415 - accuracy: 0.6551
14200/60000 [======>.......................] - ETA: 1s - loss: 1.6323 - accuracy: 0.6594
15600/60000 [======>.......................] - ETA: 1s - loss: 1.6258 - accuracy: 0.6615
17000/60000 [=======>......................] - ETA: 1s - loss: 1.6181 - accuracy: 0.6631
18600/60000 [========>.....................] - ETA: 1s - loss: 1.6095 - accuracy: 0.6644
20200/60000 [=========>....................] - ETA: 1s - loss: 1.6015 - accuracy: 0.6661
21800/60000 [=========>....................] - ETA: 1s - loss: 1.5933 - accuracy: 0.6687
23400/60000 [==========>...................] - ETA: 1s - loss: 1.5852 - accuracy: 0.6704
25000/60000 [===========>..................] - ETA: 1s - loss: 1.5778 - accuracy: 0.6725
26400/60000 [============>.................] - ETA: 1s - loss: 1.5707 - accuracy: 0.6739
28000/60000 [=============>................] - ETA: 1s - loss: 1.5627 - accuracy: 0.6754
29600/60000 [=============>................] - ETA: 1s - loss: 1.5549 - accuracy: 0.6775
31200/60000 [==============>...............] - ETA: 1s - loss: 1.5474 - accuracy: 0.6790
32800/60000 [===============>..............] - ETA: 0s - loss: 1.5403 - accuracy: 0.6800
34400/60000 [================>.............] - ETA: 0s - loss: 1.5322 - accuracy: 0.6815
36000/60000 [=================>............] - ETA: 0s - loss: 1.5246 - accuracy: 0.6837
37400/60000 [=================>............] - ETA: 0s - loss: 1.5180 - accuracy: 0.6850
38800/60000 [==================>...........] - ETA: 0s - loss: 1.5117 - accuracy: 0.6861
40200/60000 [===================>..........] - ETA: 0s - loss: 1.5057 - accuracy: 0.6871
41800/60000 [===================>..........] - ETA: 0s - loss: 1.4977 - accuracy: 0.6891
43400/60000 [====================>.........] - ETA: 0s - loss: 1.4906 - accuracy: 0.6900
44800/60000 [=====================>........] - ETA: 0s - loss: 1.4843 - accuracy: 0.6912
46400/60000 [======================>.......] - ETA: 0s - loss: 1.4781 - accuracy: 0.6918
48000/60000 [=======================>......] - ETA: 0s - loss: 1.4718 - accuracy: 0.6924
49600/60000 [=======================>......] - ETA: 0s - loss: 1.4649 - accuracy: 0.6937
51200/60000 [========================>.....] - ETA: 0s - loss: 1.4582 - accuracy: 0.6949
52800/60000 [=========================>....] - ETA: 0s - loss: 1.4523 - accuracy: 0.6955
54400/60000 [==========================>...] - ETA: 0s - loss: 1.4453 - accuracy: 0.6971
56000/60000 [===========================>..] - ETA: 0s - loss: 1.4386 - accuracy: 0.6983
57600/60000 [===========================>..] - ETA: 0s - loss: 1.4322 - accuracy: 0.6992
59200/60000 [============================>.] - ETA: 0s - loss: 1.4250 - accuracy: 0.7011
60000/60000 [==============================] - 2s 35us/step - loss: 1.4220 - accuracy: 0.7015
Epoch 3/20

  200/60000 [..............................] - ETA: 3s - loss: 1.1795 - accuracy: 0.7200
 1600/60000 [..............................] - ETA: 2s - loss: 1.1796 - accuracy: 0.7306
 3200/60000 [>.............................] - ETA: 2s - loss: 1.1675 - accuracy: 0.7406
 4800/60000 [=>............................] - ETA: 1s - loss: 1.1586 - accuracy: 0.7456
 6400/60000 [==>...........................] - ETA: 1s - loss: 1.1567 - accuracy: 0.7461
 8000/60000 [===>..........................] - ETA: 1s - loss: 1.1592 - accuracy: 0.7427
 9600/60000 [===>..........................] - ETA: 1s - loss: 1.1531 - accuracy: 0.7471
11200/60000 [====>.........................] - ETA: 1s - loss: 1.1444 - accuracy: 0.7485
12800/60000 [=====>........................] - ETA: 1s - loss: 1.1382 - accuracy: 0.7519
14400/60000 [======>.......................] - ETA: 1s - loss: 1.1310 - accuracy: 0.7557
15800/60000 [======>.......................] - ETA: 1s - loss: 1.1277 - accuracy: 0.7566
17400/60000 [=======>......................] - ETA: 1s - loss: 1.1231 - accuracy: 0.7593
18800/60000 [========>.....................] - ETA: 1s - loss: 1.1181 - accuracy: 0.7615
20400/60000 [=========>....................] - ETA: 1s - loss: 1.1123 - accuracy: 0.7636
22000/60000 [==========>...................] - ETA: 1s - loss: 1.1084 - accuracy: 0.7640
23600/60000 [==========>...................] - ETA: 1s - loss: 1.1033 - accuracy: 0.7653
25200/60000 [===========>..................] - ETA: 1s - loss: 1.0990 - accuracy: 0.7658
26800/60000 [============>.................] - ETA: 1s - loss: 1.0962 - accuracy: 0.7668
28200/60000 [=============>................] - ETA: 1s - loss: 1.0933 - accuracy: 0.7667
29800/60000 [=============>................] - ETA: 1s - loss: 1.0893 - accuracy: 0.7675
31400/60000 [==============>...............] - ETA: 0s - loss: 1.0851 - accuracy: 0.7679
33000/60000 [===============>..............] - ETA: 0s - loss: 1.0803 - accuracy: 0.7693
34600/60000 [================>.............] - ETA: 0s - loss: 1.0756 - accuracy: 0.7704
36200/60000 [=================>............] - ETA: 0s - loss: 1.0728 - accuracy: 0.7701
37800/60000 [=================>............] - ETA: 0s - loss: 1.0687 - accuracy: 0.7706
39400/60000 [==================>...........] - ETA: 0s - loss: 1.0647 - accuracy: 0.7715
41000/60000 [===================>..........] - ETA: 0s - loss: 1.0610 - accuracy: 0.7724
42600/60000 [====================>.........] - ETA: 0s - loss: 1.0568 - accuracy: 0.7728
44000/60000 [=====================>........] - ETA: 0s - loss: 1.0533 - accuracy: 0.7737
45600/60000 [=====================>........] - ETA: 0s - loss: 1.0492 - accuracy: 0.7740
47200/60000 [======================>.......] - ETA: 0s - loss: 1.0442 - accuracy: 0.7754
48800/60000 [=======================>......] - ETA: 0s - loss: 1.0394 - accuracy: 0.7765
50400/60000 [========================>.....] - ETA: 0s - loss: 1.0368 - accuracy: 0.7765
52000/60000 [=========================>....] - ETA: 0s - loss: 1.0322 - accuracy: 0.7776
53600/60000 [=========================>....] - ETA: 0s - loss: 1.0275 - accuracy: 0.7787
55200/60000 [==========================>...] - ETA: 0s - loss: 1.0230 - accuracy: 0.7800
56800/60000 [===========================>..] - ETA: 0s - loss: 1.0196 - accuracy: 0.7805
58400/60000 [============================>.] - ETA: 0s - loss: 1.0160 - accuracy: 0.7813
60000/60000 [==============================] - 2s 34us/step - loss: 1.0122 - accuracy: 0.7818
Epoch 4/20

  200/60000 [..............................] - ETA: 3s - loss: 0.7976 - accuracy: 0.8550
 1800/60000 [..............................] - ETA: 2s - loss: 0.8385 - accuracy: 0.8228
 3400/60000 [>.............................] - ETA: 1s - loss: 0.8420 - accuracy: 0.8165
 5000/60000 [=>............................] - ETA: 1s - loss: 0.8450 - accuracy: 0.8128
 6600/60000 [==>...........................] - ETA: 1s - loss: 0.8412 - accuracy: 0.8158
 8200/60000 [===>..........................] - ETA: 1s - loss: 0.8427 - accuracy: 0.8157
 9800/60000 [===>..........................] - ETA: 1s - loss: 0.8397 - accuracy: 0.8149
11400/60000 [====>.........................] - ETA: 1s - loss: 0.8396 - accuracy: 0.8145
12800/60000 [=====>........................] - ETA: 1s - loss: 0.8397 - accuracy: 0.8149
14400/60000 [======>.......................] - ETA: 1s - loss: 0.8404 - accuracy: 0.8146
16000/60000 [=======>......................] - ETA: 1s - loss: 0.8399 - accuracy: 0.8136
17600/60000 [=======>......................] - ETA: 1s - loss: 0.8378 - accuracy: 0.8134
19200/60000 [========>.....................] - ETA: 1s - loss: 0.8341 - accuracy: 0.8146
20800/60000 [=========>....................] - ETA: 1s - loss: 0.8318 - accuracy: 0.8144
22400/60000 [==========>...................] - ETA: 1s - loss: 0.8290 - accuracy: 0.8152
24000/60000 [===========>..................] - ETA: 1s - loss: 0.8248 - accuracy: 0.8164
25600/60000 [===========>..................] - ETA: 1s - loss: 0.8238 - accuracy: 0.8159
27200/60000 [============>.................] - ETA: 1s - loss: 0.8195 - accuracy: 0.8171
28800/60000 [=============>................] - ETA: 1s - loss: 0.8163 - accuracy: 0.8179
30400/60000 [==============>...............] - ETA: 1s - loss: 0.8121 - accuracy: 0.8196
32000/60000 [===============>..............] - ETA: 0s - loss: 0.8086 - accuracy: 0.8205
33600/60000 [===============>..............] - ETA: 0s - loss: 0.8057 - accuracy: 0.8208
35200/60000 [================>.............] - ETA: 0s - loss: 0.8030 - accuracy: 0.8209
36800/60000 [=================>............] - ETA: 0s - loss: 0.8003 - accuracy: 0.8213
38400/60000 [==================>...........] - ETA: 0s - loss: 0.7976 - accuracy: 0.8216
40000/60000 [===================>..........] - ETA: 0s - loss: 0.7947 - accuracy: 0.8221
41600/60000 [===================>..........] - ETA: 0s - loss: 0.7917 - accuracy: 0.8224
43200/60000 [====================>.........] - ETA: 0s - loss: 0.7884 - accuracy: 0.8230
44600/60000 [=====================>........] - ETA: 0s - loss: 0.7855 - accuracy: 0.8240
46200/60000 [======================>.......] - ETA: 0s - loss: 0.7815 - accuracy: 0.8249
47800/60000 [======================>.......] - ETA: 0s - loss: 0.7791 - accuracy: 0.8256
49400/60000 [=======================>......] - ETA: 0s - loss: 0.7765 - accuracy: 0.8265
51000/60000 [========================>.....] - ETA: 0s - loss: 0.7739 - accuracy: 0.8265
52600/60000 [=========================>....] - ETA: 0s - loss: 0.7717 - accuracy: 0.8268
54200/60000 [==========================>...] - ETA: 0s - loss: 0.7694 - accuracy: 0.8274
55800/60000 [==========================>...] - ETA: 0s - loss: 0.7670 - accuracy: 0.8279
57400/60000 [===========================>..] - ETA: 0s - loss: 0.7643 - accuracy: 0.8284
59000/60000 [============================>.] - ETA: 0s - loss: 0.7615 - accuracy: 0.8289
60000/60000 [==============================] - 2s 34us/step - loss: 0.7601 - accuracy: 0.8293
Epoch 5/20

  200/60000 [..............................] - ETA: 2s - loss: 0.6956 - accuracy: 0.8250
 1800/60000 [..............................] - ETA: 1s - loss: 0.6591 - accuracy: 0.8361
 3400/60000 [>.............................] - ETA: 1s - loss: 0.6497 - accuracy: 0.8441
 5000/60000 [=>............................] - ETA: 1s - loss: 0.6543 - accuracy: 0.8434
 6400/60000 [==>...........................] - ETA: 1s - loss: 0.6498 - accuracy: 0.8444
 8000/60000 [===>..........................] - ETA: 1s - loss: 0.6550 - accuracy: 0.8414
 9600/60000 [===>..........................] - ETA: 1s - loss: 0.6527 - accuracy: 0.8434
11200/60000 [====>.........................] - ETA: 1s - loss: 0.6502 - accuracy: 0.8431
12800/60000 [=====>........................] - ETA: 1s - loss: 0.6530 - accuracy: 0.8420
14400/60000 [======>.......................] - ETA: 1s - loss: 0.6525 - accuracy: 0.8425
16000/60000 [=======>......................] - ETA: 1s - loss: 0.6521 - accuracy: 0.8418
17600/60000 [=======>......................] - ETA: 1s - loss: 0.6526 - accuracy: 0.8422
19200/60000 [========>.....................] - ETA: 1s - loss: 0.6495 - accuracy: 0.8434
20800/60000 [=========>....................] - ETA: 1s - loss: 0.6472 - accuracy: 0.8441
22400/60000 [==========>...................] - ETA: 1s - loss: 0.6450 - accuracy: 0.8452
23800/60000 [==========>...................] - ETA: 1s - loss: 0.6412 - accuracy: 0.8460
25400/60000 [===========>..................] - ETA: 1s - loss: 0.6401 - accuracy: 0.8466
27000/60000 [============>.................] - ETA: 1s - loss: 0.6380 - accuracy: 0.8471
28600/60000 [=============>................] - ETA: 1s - loss: 0.6361 - accuracy: 0.8477
30200/60000 [==============>...............] - ETA: 1s - loss: 0.6366 - accuracy: 0.8462
31800/60000 [==============>...............] - ETA: 0s - loss: 0.6343 - accuracy: 0.8468
33400/60000 [===============>..............] - ETA: 0s - loss: 0.6324 - accuracy: 0.8476
35200/60000 [================>.............] - ETA: 0s - loss: 0.6308 - accuracy: 0.8478
36800/60000 [=================>............] - ETA: 0s - loss: 0.6281 - accuracy: 0.8486
38400/60000 [==================>...........] - ETA: 0s - loss: 0.6261 - accuracy: 0.8492
40000/60000 [===================>..........] - ETA: 0s - loss: 0.6247 - accuracy: 0.8493
41600/60000 [===================>..........] - ETA: 0s - loss: 0.6232 - accuracy: 0.8494
43200/60000 [====================>.........] - ETA: 0s - loss: 0.6217 - accuracy: 0.8495
44800/60000 [=====================>........] - ETA: 0s - loss: 0.6202 - accuracy: 0.8502
46400/60000 [======================>.......] - ETA: 0s - loss: 0.6190 - accuracy: 0.8501
48000/60000 [=======================>......] - ETA: 0s - loss: 0.6170 - accuracy: 0.8504
49600/60000 [=======================>......] - ETA: 0s - loss: 0.6155 - accuracy: 0.8506
51200/60000 [========================>.....] - ETA: 0s - loss: 0.6144 - accuracy: 0.8504
52800/60000 [=========================>....] - ETA: 0s - loss: 0.6127 - accuracy: 0.8507
54200/60000 [==========================>...] - ETA: 0s - loss: 0.6108 - accuracy: 0.8510
55800/60000 [==========================>...] - ETA: 0s - loss: 0.6090 - accuracy: 0.8515
57400/60000 [===========================>..] - ETA: 0s - loss: 0.6075 - accuracy: 0.8517
59000/60000 [============================>.] - ETA: 0s - loss: 0.6064 - accuracy: 0.8518
60000/60000 [==============================] - 2s 33us/step - loss: 0.6057 - accuracy: 0.8519
Epoch 6/20

  200/60000 [..............................] - ETA: 3s - loss: 0.6093 - accuracy: 0.8400
 1800/60000 [..............................] - ETA: 2s - loss: 0.5594 - accuracy: 0.8578
 3400/60000 [>.............................] - ETA: 1s - loss: 0.5459 - accuracy: 0.8606
 5000/60000 [=>............................] - ETA: 1s - loss: 0.5475 - accuracy: 0.8622
 6600/60000 [==>...........................] - ETA: 1s - loss: 0.5490 - accuracy: 0.8595
 8200/60000 [===>..........................] - ETA: 1s - loss: 0.5399 - accuracy: 0.8624
 9800/60000 [===>..........................] - ETA: 1s - loss: 0.5381 - accuracy: 0.8624
11400/60000 [====>.........................] - ETA: 1s - loss: 0.5364 - accuracy: 0.8623
13000/60000 [=====>........................] - ETA: 1s - loss: 0.5359 - accuracy: 0.8625
14600/60000 [======>.......................] - ETA: 1s - loss: 0.5318 - accuracy: 0.8640
16200/60000 [=======>......................] - ETA: 1s - loss: 0.5315 - accuracy: 0.8634
17800/60000 [=======>......................] - ETA: 1s - loss: 0.5307 - accuracy: 0.8636
19400/60000 [========>.....................] - ETA: 1s - loss: 0.5311 - accuracy: 0.8632
21000/60000 [=========>....................] - ETA: 1s - loss: 0.5291 - accuracy: 0.8644
22600/60000 [==========>...................] - ETA: 1s - loss: 0.5275 - accuracy: 0.8650
24200/60000 [===========>..................] - ETA: 1s - loss: 0.5265 - accuracy: 0.8652
25800/60000 [===========>..................] - ETA: 1s - loss: 0.5265 - accuracy: 0.8649
27400/60000 [============>.................] - ETA: 1s - loss: 0.5263 - accuracy: 0.8653
29000/60000 [=============>................] - ETA: 1s - loss: 0.5265 - accuracy: 0.8650
30600/60000 [==============>...............] - ETA: 0s - loss: 0.5261 - accuracy: 0.8652
32200/60000 [===============>..............] - ETA: 0s - loss: 0.5253 - accuracy: 0.8652
33800/60000 [===============>..............] - ETA: 0s - loss: 0.5251 - accuracy: 0.8656
35400/60000 [================>.............] - ETA: 0s - loss: 0.5251 - accuracy: 0.8653
37000/60000 [=================>............] - ETA: 0s - loss: 0.5253 - accuracy: 0.8652
38600/60000 [==================>...........] - ETA: 0s - loss: 0.5254 - accuracy: 0.8652
40200/60000 [===================>..........] - ETA: 0s - loss: 0.5252 - accuracy: 0.8653
41800/60000 [===================>..........] - ETA: 0s - loss: 0.5243 - accuracy: 0.8653
43400/60000 [====================>.........] - ETA: 0s - loss: 0.5233 - accuracy: 0.8654
45000/60000 [=====================>........] - ETA: 0s - loss: 0.5230 - accuracy: 0.8653
46600/60000 [======================>.......] - ETA: 0s - loss: 0.5208 - accuracy: 0.8656
48200/60000 [=======================>......] - ETA: 0s - loss: 0.5207 - accuracy: 0.8655
49800/60000 [=======================>......] - ETA: 0s - loss: 0.5195 - accuracy: 0.8658
51400/60000 [========================>.....] - ETA: 0s - loss: 0.5185 - accuracy: 0.8658
53000/60000 [=========================>....] - ETA: 0s - loss: 0.5175 - accuracy: 0.8662
54600/60000 [==========================>...] - ETA: 0s - loss: 0.5167 - accuracy: 0.8662
56200/60000 [===========================>..] - ETA: 0s - loss: 0.5159 - accuracy: 0.8664
57800/60000 [===========================>..] - ETA: 0s - loss: 0.5148 - accuracy: 0.8668
59400/60000 [============================>.] - ETA: 0s - loss: 0.5161 - accuracy: 0.8662
60000/60000 [==============================] - 2s 34us/step - loss: 0.5158 - accuracy: 0.8663
Epoch 7/20

  200/60000 [..............................] - ETA: 3s - loss: 0.5934 - accuracy: 0.8350
 1800/60000 [..............................] - ETA: 2s - loss: 0.5116 - accuracy: 0.8589
 3400/60000 [>.............................] - ETA: 1s - loss: 0.4845 - accuracy: 0.8662
 5000/60000 [=>............................] - ETA: 1s - loss: 0.4812 - accuracy: 0.8712
 6600/60000 [==>...........................] - ETA: 1s - loss: 0.4819 - accuracy: 0.8718
 8200/60000 [===>..........................] - ETA: 1s - loss: 0.4772 - accuracy: 0.8727
 9800/60000 [===>..........................] - ETA: 1s - loss: 0.4764 - accuracy: 0.8740
11400/60000 [====>.........................] - ETA: 1s - loss: 0.4767 - accuracy: 0.8738
13000/60000 [=====>........................] - ETA: 1s - loss: 0.4710 - accuracy: 0.8761
14600/60000 [======>.......................] - ETA: 1s - loss: 0.4695 - accuracy: 0.8763
16200/60000 [=======>......................] - ETA: 1s - loss: 0.4700 - accuracy: 0.8759
17800/60000 [=======>......................] - ETA: 1s - loss: 0.4705 - accuracy: 0.8758
19400/60000 [========>.....................] - ETA: 1s - loss: 0.4706 - accuracy: 0.8754
21000/60000 [=========>....................] - ETA: 1s - loss: 0.4710 - accuracy: 0.8756
22600/60000 [==========>...................] - ETA: 1s - loss: 0.4702 - accuracy: 0.8760
24200/60000 [===========>..................] - ETA: 1s - loss: 0.4701 - accuracy: 0.8756
25800/60000 [===========>..................] - ETA: 1s - loss: 0.4715 - accuracy: 0.8750
27400/60000 [============>.................] - ETA: 1s - loss: 0.4722 - accuracy: 0.8743
29000/60000 [=============>................] - ETA: 1s - loss: 0.4726 - accuracy: 0.8742
30600/60000 [==============>...............] - ETA: 0s - loss: 0.4710 - accuracy: 0.8747
32200/60000 [===============>..............] - ETA: 0s - loss: 0.4704 - accuracy: 0.8749
33800/60000 [===============>..............] - ETA: 0s - loss: 0.4678 - accuracy: 0.8757
35400/60000 [================>.............] - ETA: 0s - loss: 0.4672 - accuracy: 0.8757
37000/60000 [=================>............] - ETA: 0s - loss: 0.4676 - accuracy: 0.8758
38600/60000 [==================>...........] - ETA: 0s - loss: 0.4691 - accuracy: 0.8751
40200/60000 [===================>..........] - ETA: 0s - loss: 0.4682 - accuracy: 0.8753
41800/60000 [===================>..........] - ETA: 0s - loss: 0.4665 - accuracy: 0.8758
43400/60000 [====================>.........] - ETA: 0s - loss: 0.4661 - accuracy: 0.8757
45000/60000 [=====================>........] - ETA: 0s - loss: 0.4665 - accuracy: 0.8750
46600/60000 [======================>.......] - ETA: 0s - loss: 0.4654 - accuracy: 0.8750
48200/60000 [=======================>......] - ETA: 0s - loss: 0.4647 - accuracy: 0.8752
49800/60000 [=======================>......] - ETA: 0s - loss: 0.4640 - accuracy: 0.8754
51400/60000 [========================>.....] - ETA: 0s - loss: 0.4630 - accuracy: 0.8757
53000/60000 [=========================>....] - ETA: 0s - loss: 0.4622 - accuracy: 0.8756
54600/60000 [==========================>...] - ETA: 0s - loss: 0.4617 - accuracy: 0.8758
56200/60000 [===========================>..] - ETA: 0s - loss: 0.4611 - accuracy: 0.8758
57800/60000 [===========================>..] - ETA: 0s - loss: 0.4607 - accuracy: 0.8759
59400/60000 [============================>.] - ETA: 0s - loss: 0.4595 - accuracy: 0.8762
60000/60000 [==============================] - 2s 33us/step - loss: 0.4596 - accuracy: 0.8760
Epoch 8/20

  200/60000 [..............................] - ETA: 2s - loss: 0.4947 - accuracy: 0.8600
 1800/60000 [..............................] - ETA: 2s - loss: 0.4405 - accuracy: 0.8800
 3400/60000 [>.............................] - ETA: 1s - loss: 0.4349 - accuracy: 0.8824
 5000/60000 [=>............................] - ETA: 1s - loss: 0.4322 - accuracy: 0.8840
 6600/60000 [==>...........................] - ETA: 1s - loss: 0.4331 - accuracy: 0.8859
 8200/60000 [===>..........................] - ETA: 1s - loss: 0.4317 - accuracy: 0.8850
 9600/60000 [===>..........................] - ETA: 1s - loss: 0.4349 - accuracy: 0.8826
11200/60000 [====>.........................] - ETA: 1s - loss: 0.4388 - accuracy: 0.8810
12800/60000 [=====>........................] - ETA: 1s - loss: 0.4364 - accuracy: 0.8814
14400/60000 [======>.......................] - ETA: 1s - loss: 0.4389 - accuracy: 0.8810
16000/60000 [=======>......................] - ETA: 1s - loss: 0.4342 - accuracy: 0.8827
17600/60000 [=======>......................] - ETA: 1s - loss: 0.4344 - accuracy: 0.8816
19200/60000 [========>.....................] - ETA: 1s - loss: 0.4323 - accuracy: 0.8827
20800/60000 [=========>....................] - ETA: 1s - loss: 0.4311 - accuracy: 0.8821
22400/60000 [==========>...................] - ETA: 1s - loss: 0.4302 - accuracy: 0.8824
24000/60000 [===========>..................] - ETA: 1s - loss: 0.4280 - accuracy: 0.8826
25600/60000 [===========>..................] - ETA: 1s - loss: 0.4255 - accuracy: 0.8832
27200/60000 [============>.................] - ETA: 1s - loss: 0.4249 - accuracy: 0.8835
28800/60000 [=============>................] - ETA: 1s - loss: 0.4254 - accuracy: 0.8836
30400/60000 [==============>...............] - ETA: 0s - loss: 0.4239 - accuracy: 0.8840
32000/60000 [===============>..............] - ETA: 0s - loss: 0.4232 - accuracy: 0.8842
33600/60000 [===============>..............] - ETA: 0s - loss: 0.4232 - accuracy: 0.8844
35200/60000 [================>.............] - ETA: 0s - loss: 0.4234 - accuracy: 0.8841
36800/60000 [=================>............] - ETA: 0s - loss: 0.4236 - accuracy: 0.8842
38400/60000 [==================>...........] - ETA: 0s - loss: 0.4232 - accuracy: 0.8844
40000/60000 [===================>..........] - ETA: 0s - loss: 0.4244 - accuracy: 0.8838
41600/60000 [===================>..........] - ETA: 0s - loss: 0.4229 - accuracy: 0.8842
43200/60000 [====================>.........] - ETA: 0s - loss: 0.4236 - accuracy: 0.8838
44800/60000 [=====================>........] - ETA: 0s - loss: 0.4245 - accuracy: 0.8835
46400/60000 [======================>.......] - ETA: 0s - loss: 0.4243 - accuracy: 0.8833
48000/60000 [=======================>......] - ETA: 0s - loss: 0.4236 - accuracy: 0.8834
49600/60000 [=======================>......] - ETA: 0s - loss: 0.4242 - accuracy: 0.8831
51200/60000 [========================>.....] - ETA: 0s - loss: 0.4228 - accuracy: 0.8834
52800/60000 [=========================>....] - ETA: 0s - loss: 0.4227 - accuracy: 0.8837
54400/60000 [==========================>...] - ETA: 0s - loss: 0.4228 - accuracy: 0.8834
55800/60000 [==========================>...] - ETA: 0s - loss: 0.4226 - accuracy: 0.8834
57400/60000 [===========================>..] - ETA: 0s - loss: 0.4223 - accuracy: 0.8832
59000/60000 [============================>.] - ETA: 0s - loss: 0.4211 - accuracy: 0.8836
60000/60000 [==============================] - 2s 33us/step - loss: 0.4208 - accuracy: 0.8837
Epoch 9/20

  200/60000 [..............................] - ETA: 2s - loss: 0.3938 - accuracy: 0.8950
 1800/60000 [..............................] - ETA: 2s - loss: 0.4300 - accuracy: 0.8789
 3400/60000 [>.............................] - ETA: 1s - loss: 0.4109 - accuracy: 0.8862
 5000/60000 [=>............................] - ETA: 1s - loss: 0.4049 - accuracy: 0.8860
 6600/60000 [==>...........................] - ETA: 1s - loss: 0.4044 - accuracy: 0.8891
 8200/60000 [===>..........................] - ETA: 1s - loss: 0.4044 - accuracy: 0.8885
 9800/60000 [===>..........................] - ETA: 1s - loss: 0.4054 - accuracy: 0.8880
11400/60000 [====>.........................] - ETA: 1s - loss: 0.4025 - accuracy: 0.8893
13000/60000 [=====>........................] - ETA: 1s - loss: 0.4000 - accuracy: 0.8903
14600/60000 [======>.......................] - ETA: 1s - loss: 0.3962 - accuracy: 0.8914
16200/60000 [=======>......................] - ETA: 1s - loss: 0.3959 - accuracy: 0.8912
17800/60000 [=======>......................] - ETA: 1s - loss: 0.3939 - accuracy: 0.8917
19400/60000 [========>.....................] - ETA: 1s - loss: 0.3936 - accuracy: 0.8921
21000/60000 [=========>....................] - ETA: 1s - loss: 0.3927 - accuracy: 0.8924
22600/60000 [==========>...................] - ETA: 1s - loss: 0.3937 - accuracy: 0.8920
24200/60000 [===========>..................] - ETA: 1s - loss: 0.3933 - accuracy: 0.8925
25800/60000 [===========>..................] - ETA: 1s - loss: 0.3933 - accuracy: 0.8924
27400/60000 [============>.................] - ETA: 1s - loss: 0.3944 - accuracy: 0.8918
29000/60000 [=============>................] - ETA: 1s - loss: 0.3941 - accuracy: 0.8915
30600/60000 [==============>...............] - ETA: 0s - loss: 0.3936 - accuracy: 0.8916
32200/60000 [===============>..............] - ETA: 0s - loss: 0.3947 - accuracy: 0.8911
33800/60000 [===============>..............] - ETA: 0s - loss: 0.3950 - accuracy: 0.8909
35400/60000 [================>.............] - ETA: 0s - loss: 0.3950 - accuracy: 0.8908
37000/60000 [=================>............] - ETA: 0s - loss: 0.3937 - accuracy: 0.8910
38600/60000 [==================>...........] - ETA: 0s - loss: 0.3944 - accuracy: 0.8905
40000/60000 [===================>..........] - ETA: 0s - loss: 0.3938 - accuracy: 0.8910
41600/60000 [===================>..........] - ETA: 0s - loss: 0.3935 - accuracy: 0.8910
43200/60000 [====================>.........] - ETA: 0s - loss: 0.3940 - accuracy: 0.8908
44800/60000 [=====================>........] - ETA: 0s - loss: 0.3943 - accuracy: 0.8903
46400/60000 [======================>.......] - ETA: 0s - loss: 0.3937 - accuracy: 0.8905
48000/60000 [=======================>......] - ETA: 0s - loss: 0.3935 - accuracy: 0.8905
49600/60000 [=======================>......] - ETA: 0s - loss: 0.3929 - accuracy: 0.8907
51200/60000 [========================>.....] - ETA: 0s - loss: 0.3930 - accuracy: 0.8906
52800/60000 [=========================>....] - ETA: 0s - loss: 0.3931 - accuracy: 0.8905
54400/60000 [==========================>...] - ETA: 0s - loss: 0.3925 - accuracy: 0.8907
56000/60000 [===========================>..] - ETA: 0s - loss: 0.3925 - accuracy: 0.8907
57800/60000 [===========================>..] - ETA: 0s - loss: 0.3923 - accuracy: 0.8908
59200/60000 [============================>.] - ETA: 0s - loss: 0.3914 - accuracy: 0.8912
60000/60000 [==============================] - 2s 33us/step - loss: 0.3916 - accuracy: 0.8911
Epoch 10/20

  200/60000 [..............................] - ETA: 2s - loss: 0.3662 - accuracy: 0.9100
 1800/60000 [..............................] - ETA: 2s - loss: 0.3807 - accuracy: 0.8844
 3400/60000 [>.............................] - ETA: 1s - loss: 0.3724 - accuracy: 0.8882
 5000/60000 [=>............................] - ETA: 1s - loss: 0.3755 - accuracy: 0.8886
 6600/60000 [==>...........................] - ETA: 1s - loss: 0.3776 - accuracy: 0.8891
 8200/60000 [===>..........................] - ETA: 1s - loss: 0.3760 - accuracy: 0.8906
 9800/60000 [===>..........................] - ETA: 1s - loss: 0.3806 - accuracy: 0.8898
11400/60000 [====>.........................] - ETA: 1s - loss: 0.3770 - accuracy: 0.8921
13000/60000 [=====>........................] - ETA: 1s - loss: 0.3776 - accuracy: 0.8913
14600/60000 [======>.......................] - ETA: 1s - loss: 0.3790 - accuracy: 0.8911
16200/60000 [=======>......................] - ETA: 1s - loss: 0.3792 - accuracy: 0.8916
17800/60000 [=======>......................] - ETA: 1s - loss: 0.3793 - accuracy: 0.8916
19400/60000 [========>.....................] - ETA: 1s - loss: 0.3792 - accuracy: 0.8916
21000/60000 [=========>....................] - ETA: 1s - loss: 0.3780 - accuracy: 0.8922
22600/60000 [==========>...................] - ETA: 1s - loss: 0.3764 - accuracy: 0.8929
24200/60000 [===========>..................] - ETA: 1s - loss: 0.3742 - accuracy: 0.8940
25800/60000 [===========>..................] - ETA: 1s - loss: 0.3735 - accuracy: 0.8940
27400/60000 [============>.................] - ETA: 1s - loss: 0.3741 - accuracy: 0.8937
29000/60000 [=============>................] - ETA: 1s - loss: 0.3748 - accuracy: 0.8936
30600/60000 [==============>...............] - ETA: 0s - loss: 0.3740 - accuracy: 0.8940
32200/60000 [===============>..............] - ETA: 0s - loss: 0.3751 - accuracy: 0.8934
33800/60000 [===============>..............] - ETA: 0s - loss: 0.3736 - accuracy: 0.8938
35400/60000 [================>.............] - ETA: 0s - loss: 0.3741 - accuracy: 0.8940
37000/60000 [=================>............] - ETA: 0s - loss: 0.3731 - accuracy: 0.8942
38600/60000 [==================>...........] - ETA: 0s - loss: 0.3744 - accuracy: 0.8938
40200/60000 [===================>..........] - ETA: 0s - loss: 0.3734 - accuracy: 0.8943
41800/60000 [===================>..........] - ETA: 0s - loss: 0.3732 - accuracy: 0.8940
43400/60000 [====================>.........] - ETA: 0s - loss: 0.3734 - accuracy: 0.8940
45000/60000 [=====================>........] - ETA: 0s - loss: 0.3715 - accuracy: 0.8946
46600/60000 [======================>.......] - ETA: 0s - loss: 0.3714 - accuracy: 0.8947
48200/60000 [=======================>......] - ETA: 0s - loss: 0.3718 - accuracy: 0.8945
49800/60000 [=======================>......] - ETA: 0s - loss: 0.3719 - accuracy: 0.8944
51400/60000 [========================>.....] - ETA: 0s - loss: 0.3717 - accuracy: 0.8944
53000/60000 [=========================>....] - ETA: 0s - loss: 0.3712 - accuracy: 0.8945
54600/60000 [==========================>...] - ETA: 0s - loss: 0.3696 - accuracy: 0.8950
56200/60000 [===========================>..] - ETA: 0s - loss: 0.3697 - accuracy: 0.8950
57800/60000 [===========================>..] - ETA: 0s - loss: 0.3694 - accuracy: 0.8952
59400/60000 [============================>.] - ETA: 0s - loss: 0.3689 - accuracy: 0.8956
60000/60000 [==============================] - 2s 33us/step - loss: 0.3688 - accuracy: 0.8957
Epoch 11/20

  200/60000 [..............................] - ETA: 2s - loss: 0.3347 - accuracy: 0.9000
 1800/60000 [..............................] - ETA: 1s - loss: 0.3698 - accuracy: 0.8894
 3400/60000 [>.............................] - ETA: 1s - loss: 0.3578 - accuracy: 0.8962
 5000/60000 [=>............................] - ETA: 1s - loss: 0.3593 - accuracy: 0.8968
 6600/60000 [==>...........................] - ETA: 1s - loss: 0.3520 - accuracy: 0.8998
 8200/60000 [===>..........................] - ETA: 1s - loss: 0.3488 - accuracy: 0.8996
 9800/60000 [===>..........................] - ETA: 1s - loss: 0.3523 - accuracy: 0.9002
11400/60000 [====>.........................] - ETA: 1s - loss: 0.3543 - accuracy: 0.8999
13000/60000 [=====>........................] - ETA: 1s - loss: 0.3513 - accuracy: 0.9014
14600/60000 [======>.......................] - ETA: 1s - loss: 0.3532 - accuracy: 0.9005
16200/60000 [=======>......................] - ETA: 1s - loss: 0.3538 - accuracy: 0.9002
17800/60000 [=======>......................] - ETA: 1s - loss: 0.3528 - accuracy: 0.9005
19400/60000 [========>.....................] - ETA: 1s - loss: 0.3525 - accuracy: 0.9004
21000/60000 [=========>....................] - ETA: 1s - loss: 0.3490 - accuracy: 0.9015
22600/60000 [==========>...................] - ETA: 1s - loss: 0.3504 - accuracy: 0.9012
24200/60000 [===========>..................] - ETA: 1s - loss: 0.3493 - accuracy: 0.9018
25800/60000 [===========>..................] - ETA: 1s - loss: 0.3495 - accuracy: 0.9015
27400/60000 [============>.................] - ETA: 1s - loss: 0.3504 - accuracy: 0.9009
29000/60000 [=============>................] - ETA: 1s - loss: 0.3497 - accuracy: 0.9013
30600/60000 [==============>...............] - ETA: 0s - loss: 0.3506 - accuracy: 0.9012
32200/60000 [===============>..............] - ETA: 0s - loss: 0.3501 - accuracy: 0.9012
33800/60000 [===============>..............] - ETA: 0s - loss: 0.3500 - accuracy: 0.9012
35400/60000 [================>.............] - ETA: 0s - loss: 0.3502 - accuracy: 0.9010
37000/60000 [=================>............] - ETA: 0s - loss: 0.3492 - accuracy: 0.9013
38600/60000 [==================>...........] - ETA: 0s - loss: 0.3478 - accuracy: 0.9017
40200/60000 [===================>..........] - ETA: 0s - loss: 0.3483 - accuracy: 0.9016
41800/60000 [===================>..........] - ETA: 0s - loss: 0.3482 - accuracy: 0.9016
43400/60000 [====================>.........] - ETA: 0s - loss: 0.3487 - accuracy: 0.9014
45000/60000 [=====================>........] - ETA: 0s - loss: 0.3481 - accuracy: 0.9013
46600/60000 [======================>.......] - ETA: 0s - loss: 0.3486 - accuracy: 0.9009
48200/60000 [=======================>......] - ETA: 0s - loss: 0.3499 - accuracy: 0.9006
49800/60000 [=======================>......] - ETA: 0s - loss: 0.3499 - accuracy: 0.9009
51400/60000 [========================>.....] - ETA: 0s - loss: 0.3502 - accuracy: 0.9007
53000/60000 [=========================>....] - ETA: 0s - loss: 0.3504 - accuracy: 0.9006
54600/60000 [==========================>...] - ETA: 0s - loss: 0.3509 - accuracy: 0.9006
56200/60000 [===========================>..] - ETA: 0s - loss: 0.3513 - accuracy: 0.9004
57800/60000 [===========================>..] - ETA: 0s - loss: 0.3509 - accuracy: 0.9005
59400/60000 [============================>.] - ETA: 0s - loss: 0.3501 - accuracy: 0.9007
60000/60000 [==============================] - 2s 33us/step - loss: 0.3501 - accuracy: 0.9007
Epoch 12/20

  200/60000 [..............................] - ETA: 3s - loss: 0.3857 - accuracy: 0.8800
 1800/60000 [..............................] - ETA: 2s - loss: 0.3169 - accuracy: 0.9017
 3400/60000 [>.............................] - ETA: 1s - loss: 0.3229 - accuracy: 0.9044
 5000/60000 [=>............................] - ETA: 1s - loss: 0.3272 - accuracy: 0.9018
 6600/60000 [==>...........................] - ETA: 1s - loss: 0.3323 - accuracy: 0.9027
 8200/60000 [===>..........................] - ETA: 1s - loss: 0.3296 - accuracy: 0.9041
 9800/60000 [===>..........................] - ETA: 1s - loss: 0.3374 - accuracy: 0.9008
11400/60000 [====>.........................] - ETA: 1s - loss: 0.3347 - accuracy: 0.9023
13000/60000 [=====>........................] - ETA: 1s - loss: 0.3351 - accuracy: 0.9028
14600/60000 [======>.......................] - ETA: 1s - loss: 0.3359 - accuracy: 0.9022
16200/60000 [=======>......................] - ETA: 1s - loss: 0.3366 - accuracy: 0.9022
17800/60000 [=======>......................] - ETA: 1s - loss: 0.3333 - accuracy: 0.9036
19400/60000 [========>.....................] - ETA: 1s - loss: 0.3350 - accuracy: 0.9031
21000/60000 [=========>....................] - ETA: 1s - loss: 0.3379 - accuracy: 0.9026
22600/60000 [==========>...................] - ETA: 1s - loss: 0.3380 - accuracy: 0.9031
24200/60000 [===========>..................] - ETA: 1s - loss: 0.3367 - accuracy: 0.9033
25800/60000 [===========>..................] - ETA: 1s - loss: 0.3362 - accuracy: 0.9034
27400/60000 [============>.................] - ETA: 1s - loss: 0.3361 - accuracy: 0.9041
29000/60000 [=============>................] - ETA: 1s - loss: 0.3371 - accuracy: 0.9036
30600/60000 [==============>...............] - ETA: 0s - loss: 0.3361 - accuracy: 0.9037
32400/60000 [===============>..............] - ETA: 0s - loss: 0.3350 - accuracy: 0.9039
33800/60000 [===============>..............] - ETA: 0s - loss: 0.3346 - accuracy: 0.9040
35400/60000 [================>.............] - ETA: 0s - loss: 0.3338 - accuracy: 0.9044
37000/60000 [=================>............] - ETA: 0s - loss: 0.3326 - accuracy: 0.9048
38600/60000 [==================>...........] - ETA: 0s - loss: 0.3322 - accuracy: 0.9048
40000/60000 [===================>..........] - ETA: 0s - loss: 0.3320 - accuracy: 0.9049
41600/60000 [===================>..........] - ETA: 0s - loss: 0.3314 - accuracy: 0.9051
43200/60000 [====================>.........] - ETA: 0s - loss: 0.3316 - accuracy: 0.9052
44800/60000 [=====================>........] - ETA: 0s - loss: 0.3333 - accuracy: 0.9046
46200/60000 [======================>.......] - ETA: 0s - loss: 0.3329 - accuracy: 0.9046
47800/60000 [======================>.......] - ETA: 0s - loss: 0.3324 - accuracy: 0.9046
49400/60000 [=======================>......] - ETA: 0s - loss: 0.3326 - accuracy: 0.9044
51000/60000 [========================>.....] - ETA: 0s - loss: 0.3330 - accuracy: 0.9044
52600/60000 [=========================>....] - ETA: 0s - loss: 0.3332 - accuracy: 0.9045
54200/60000 [==========================>...] - ETA: 0s - loss: 0.3331 - accuracy: 0.9046
55800/60000 [==========================>...] - ETA: 0s - loss: 0.3341 - accuracy: 0.9042
57400/60000 [===========================>..] - ETA: 0s - loss: 0.3343 - accuracy: 0.9038
59000/60000 [============================>.] - ETA: 0s - loss: 0.3342 - accuracy: 0.9038
60000/60000 [==============================] - 2s 33us/step - loss: 0.3341 - accuracy: 0.9039
Epoch 13/20

  200/60000 [..............................] - ETA: 3s - loss: 0.3305 - accuracy: 0.9050
 1800/60000 [..............................] - ETA: 2s - loss: 0.3521 - accuracy: 0.8989
 3400/60000 [>.............................] - ETA: 1s - loss: 0.3410 - accuracy: 0.9044
 5000/60000 [=>............................] - ETA: 1s - loss: 0.3355 - accuracy: 0.9054
 6600/60000 [==>...........................] - ETA: 1s - loss: 0.3305 - accuracy: 0.9076
 8200/60000 [===>..........................] - ETA: 1s - loss: 0.3343 - accuracy: 0.9050
 9800/60000 [===>..........................] - ETA: 1s - loss: 0.3373 - accuracy: 0.9018
11400/60000 [====>.........................] - ETA: 1s - loss: 0.3335 - accuracy: 0.9029
13000/60000 [=====>........................] - ETA: 1s - loss: 0.3358 - accuracy: 0.9018
14600/60000 [======>.......................] - ETA: 1s - loss: 0.3329 - accuracy: 0.9026
16200/60000 [=======>......................] - ETA: 1s - loss: 0.3328 - accuracy: 0.9025
17800/60000 [=======>......................] - ETA: 1s - loss: 0.3324 - accuracy: 0.9025
19400/60000 [========>.....................] - ETA: 1s - loss: 0.3288 - accuracy: 0.9042
21000/60000 [=========>....................] - ETA: 1s - loss: 0.3287 - accuracy: 0.9041
22600/60000 [==========>...................] - ETA: 1s - loss: 0.3290 - accuracy: 0.9035
24200/60000 [===========>..................] - ETA: 1s - loss: 0.3295 - accuracy: 0.9033
25800/60000 [===========>..................] - ETA: 1s - loss: 0.3289 - accuracy: 0.9037
27400/60000 [============>.................] - ETA: 1s - loss: 0.3297 - accuracy: 0.9035
29000/60000 [=============>................] - ETA: 1s - loss: 0.3291 - accuracy: 0.9034
30600/60000 [==============>...............] - ETA: 0s - loss: 0.3288 - accuracy: 0.9035
32200/60000 [===============>..............] - ETA: 0s - loss: 0.3290 - accuracy: 0.9033
33600/60000 [===============>..............] - ETA: 0s - loss: 0.3280 - accuracy: 0.9037
35200/60000 [================>.............] - ETA: 0s - loss: 0.3280 - accuracy: 0.9044
36800/60000 [=================>............] - ETA: 0s - loss: 0.3280 - accuracy: 0.9044
38400/60000 [==================>...........] - ETA: 0s - loss: 0.3269 - accuracy: 0.9046
40000/60000 [===================>..........] - ETA: 0s - loss: 0.3251 - accuracy: 0.9050
41600/60000 [===================>..........] - ETA: 0s - loss: 0.3245 - accuracy: 0.9050
43200/60000 [====================>.........] - ETA: 0s - loss: 0.3250 - accuracy: 0.9052
44800/60000 [=====================>........] - ETA: 0s - loss: 0.3244 - accuracy: 0.9054
46400/60000 [======================>.......] - ETA: 0s - loss: 0.3250 - accuracy: 0.9052
48000/60000 [=======================>......] - ETA: 0s - loss: 0.3246 - accuracy: 0.9054
49600/60000 [=======================>......] - ETA: 0s - loss: 0.3247 - accuracy: 0.9054
51200/60000 [========================>.....] - ETA: 0s - loss: 0.3234 - accuracy: 0.9060
52800/60000 [=========================>....] - ETA: 0s - loss: 0.3223 - accuracy: 0.9064
54400/60000 [==========================>...] - ETA: 0s - loss: 0.3220 - accuracy: 0.9067
56000/60000 [===========================>..] - ETA: 0s - loss: 0.3212 - accuracy: 0.9071
57600/60000 [===========================>..] - ETA: 0s - loss: 0.3203 - accuracy: 0.9072
59200/60000 [============================>.] - ETA: 0s - loss: 0.3205 - accuracy: 0.9070
60000/60000 [==============================] - 2s 33us/step - loss: 0.3203 - accuracy: 0.9071
Epoch 14/20

  200/60000 [..............................] - ETA: 3s - loss: 0.3682 - accuracy: 0.8850
 1800/60000 [..............................] - ETA: 2s - loss: 0.3088 - accuracy: 0.9161
 3400/60000 [>.............................] - ETA: 1s - loss: 0.3166 - accuracy: 0.9132
 5000/60000 [=>............................] - ETA: 1s - loss: 0.3032 - accuracy: 0.9162
 6600/60000 [==>...........................] - ETA: 1s - loss: 0.3018 - accuracy: 0.9148
 8000/60000 [===>..........................] - ETA: 1s - loss: 0.3003 - accuracy: 0.9146
 9400/60000 [===>..........................] - ETA: 1s - loss: 0.3009 - accuracy: 0.9131
11000/60000 [====>.........................] - ETA: 1s - loss: 0.3037 - accuracy: 0.9125
12600/60000 [=====>........................] - ETA: 1s - loss: 0.3018 - accuracy: 0.9135
14200/60000 [======>.......................] - ETA: 1s - loss: 0.3043 - accuracy: 0.9118
15800/60000 [======>.......................] - ETA: 1s - loss: 0.3050 - accuracy: 0.9118
17400/60000 [=======>......................] - ETA: 1s - loss: 0.3116 - accuracy: 0.9093
19000/60000 [========>.....................] - ETA: 1s - loss: 0.3118 - accuracy: 0.9090
20600/60000 [=========>....................] - ETA: 1s - loss: 0.3144 - accuracy: 0.9076
22200/60000 [==========>...................] - ETA: 1s - loss: 0.3140 - accuracy: 0.9077
23800/60000 [==========>...................] - ETA: 1s - loss: 0.3128 - accuracy: 0.9083
25400/60000 [===========>..................] - ETA: 1s - loss: 0.3111 - accuracy: 0.9093
27000/60000 [============>.................] - ETA: 1s - loss: 0.3106 - accuracy: 0.9096
28600/60000 [=============>................] - ETA: 1s - loss: 0.3109 - accuracy: 0.9095
30200/60000 [==============>...............] - ETA: 0s - loss: 0.3101 - accuracy: 0.9099
31800/60000 [==============>...............] - ETA: 0s - loss: 0.3107 - accuracy: 0.9099
33600/60000 [===============>..............] - ETA: 0s - loss: 0.3084 - accuracy: 0.9108
35200/60000 [================>.............] - ETA: 0s - loss: 0.3077 - accuracy: 0.9109
36800/60000 [=================>............] - ETA: 0s - loss: 0.3089 - accuracy: 0.9105
38400/60000 [==================>...........] - ETA: 0s - loss: 0.3091 - accuracy: 0.9107
41000/60000 [===================>..........] - ETA: 0s - loss: 0.3092 - accuracy: 0.9107
42600/60000 [====================>.........] - ETA: 0s - loss: 0.3095 - accuracy: 0.9105
44200/60000 [=====================>........] - ETA: 0s - loss: 0.3081 - accuracy: 0.9111
45800/60000 [=====================>........] - ETA: 0s - loss: 0.3089 - accuracy: 0.9107
47400/60000 [======================>.......] - ETA: 0s - loss: 0.3087 - accuracy: 0.9109
49000/60000 [=======================>......] - ETA: 0s - loss: 0.3082 - accuracy: 0.9111
50600/60000 [========================>.....] - ETA: 0s - loss: 0.3080 - accuracy: 0.9114
52200/60000 [=========================>....] - ETA: 0s - loss: 0.3077 - accuracy: 0.9114
53800/60000 [=========================>....] - ETA: 0s - loss: 0.3081 - accuracy: 0.9111
55400/60000 [==========================>...] - ETA: 0s - loss: 0.3080 - accuracy: 0.9112
57000/60000 [===========================>..] - ETA: 0s - loss: 0.3084 - accuracy: 0.9111
58400/60000 [============================>.] - ETA: 0s - loss: 0.3080 - accuracy: 0.9110
60000/60000 [==============================] - 2s 33us/step - loss: 0.3082 - accuracy: 0.9109
Epoch 15/20

  200/60000 [..............................] - ETA: 2s - loss: 0.3171 - accuracy: 0.9100
 1800/60000 [..............................] - ETA: 2s - loss: 0.3117 - accuracy: 0.9050
 3400/60000 [>.............................] - ETA: 1s - loss: 0.3209 - accuracy: 0.9047
 5000/60000 [=>............................] - ETA: 1s - loss: 0.3070 - accuracy: 0.9114
 6600/60000 [==>...........................] - ETA: 1s - loss: 0.3115 - accuracy: 0.9109
 8200/60000 [===>..........................] - ETA: 1s - loss: 0.3064 - accuracy: 0.9117
 9800/60000 [===>..........................] - ETA: 1s - loss: 0.3036 - accuracy: 0.9130
11200/60000 [====>.........................] - ETA: 1s - loss: 0.3018 - accuracy: 0.9137
12800/60000 [=====>........................] - ETA: 1s - loss: 0.2996 - accuracy: 0.9144
14400/60000 [======>.......................] - ETA: 1s - loss: 0.2970 - accuracy: 0.9152
16000/60000 [=======>......................] - ETA: 1s - loss: 0.2954 - accuracy: 0.9153
17600/60000 [=======>......................] - ETA: 1s - loss: 0.2970 - accuracy: 0.9148
19200/60000 [========>.....................] - ETA: 1s - loss: 0.2974 - accuracy: 0.9145
20600/60000 [=========>....................] - ETA: 1s - loss: 0.2976 - accuracy: 0.9142
22400/60000 [==========>...................] - ETA: 1s - loss: 0.2974 - accuracy: 0.9142
24000/60000 [===========>..................] - ETA: 1s - loss: 0.2987 - accuracy: 0.9137
25600/60000 [===========>..................] - ETA: 1s - loss: 0.2995 - accuracy: 0.9136
27200/60000 [============>.................] - ETA: 1s - loss: 0.2975 - accuracy: 0.9139
28800/60000 [=============>................] - ETA: 1s - loss: 0.2967 - accuracy: 0.9143
30400/60000 [==============>...............] - ETA: 0s - loss: 0.2964 - accuracy: 0.9143
32000/60000 [===============>..............] - ETA: 0s - loss: 0.2973 - accuracy: 0.9141
33600/60000 [===============>..............] - ETA: 0s - loss: 0.2973 - accuracy: 0.9140
35200/60000 [================>.............] - ETA: 0s - loss: 0.2975 - accuracy: 0.9139
36800/60000 [=================>............] - ETA: 0s - loss: 0.2986 - accuracy: 0.9139
38400/60000 [==================>...........] - ETA: 0s - loss: 0.2992 - accuracy: 0.9135
40000/60000 [===================>..........] - ETA: 0s - loss: 0.2988 - accuracy: 0.9137
41600/60000 [===================>..........] - ETA: 0s - loss: 0.2993 - accuracy: 0.9137
43200/60000 [====================>.........] - ETA: 0s - loss: 0.2987 - accuracy: 0.9138
44800/60000 [=====================>........] - ETA: 0s - loss: 0.2986 - accuracy: 0.9136
46400/60000 [======================>.......] - ETA: 0s - loss: 0.2992 - accuracy: 0.9133
48000/60000 [=======================>......] - ETA: 0s - loss: 0.2991 - accuracy: 0.9133
49600/60000 [=======================>......] - ETA: 0s - loss: 0.2989 - accuracy: 0.9134
51200/60000 [========================>.....] - ETA: 0s - loss: 0.2979 - accuracy: 0.9138
52800/60000 [=========================>....] - ETA: 0s - loss: 0.2986 - accuracy: 0.9135
54400/60000 [==========================>...] - ETA: 0s - loss: 0.2976 - accuracy: 0.9140
56000/60000 [===========================>..] - ETA: 0s - loss: 0.2975 - accuracy: 0.9140
57600/60000 [===========================>..] - ETA: 0s - loss: 0.2970 - accuracy: 0.9140
59200/60000 [============================>.] - ETA: 0s - loss: 0.2971 - accuracy: 0.9137
60000/60000 [==============================] - 2s 33us/step - loss: 0.2972 - accuracy: 0.9137
Epoch 16/20

  200/60000 [..............................] - ETA: 3s - loss: 0.2831 - accuracy: 0.9050
 1800/60000 [..............................] - ETA: 2s - loss: 0.3206 - accuracy: 0.9061
 3400/60000 [>.............................] - ETA: 1s - loss: 0.2968 - accuracy: 0.9159
 5200/60000 [=>............................] - ETA: 1s - loss: 0.2912 - accuracy: 0.9171
 6800/60000 [==>...........................] - ETA: 1s - loss: 0.2887 - accuracy: 0.9185
 8600/60000 [===>..........................] - ETA: 1s - loss: 0.2991 - accuracy: 0.9158
10000/60000 [====>.........................] - ETA: 1s - loss: 0.2996 - accuracy: 0.9152
11600/60000 [====>.........................] - ETA: 1s - loss: 0.2962 - accuracy: 0.9159
13200/60000 [=====>........................] - ETA: 1s - loss: 0.2947 - accuracy: 0.9158
15000/60000 [======>.......................] - ETA: 1s - loss: 0.2917 - accuracy: 0.9169
16600/60000 [=======>......................] - ETA: 1s - loss: 0.2913 - accuracy: 0.9172
18200/60000 [========>.....................] - ETA: 1s - loss: 0.2920 - accuracy: 0.9165
19800/60000 [========>.....................] - ETA: 1s - loss: 0.2886 - accuracy: 0.9176
21400/60000 [=========>....................] - ETA: 1s - loss: 0.2894 - accuracy: 0.9170
23000/60000 [==========>...................] - ETA: 1s - loss: 0.2886 - accuracy: 0.9177
24600/60000 [===========>..................] - ETA: 1s - loss: 0.2878 - accuracy: 0.9180
26200/60000 [============>.................] - ETA: 1s - loss: 0.2883 - accuracy: 0.9176
27800/60000 [============>.................] - ETA: 1s - loss: 0.2887 - accuracy: 0.9171
29400/60000 [=============>................] - ETA: 1s - loss: 0.2891 - accuracy: 0.9165
31000/60000 [==============>...............] - ETA: 0s - loss: 0.2869 - accuracy: 0.9172
32600/60000 [===============>..............] - ETA: 0s - loss: 0.2874 - accuracy: 0.9172
34200/60000 [================>.............] - ETA: 0s - loss: 0.2869 - accuracy: 0.9173
35800/60000 [================>.............] - ETA: 0s - loss: 0.2881 - accuracy: 0.9173
37400/60000 [=================>............] - ETA: 0s - loss: 0.2875 - accuracy: 0.9175
39000/60000 [==================>...........] - ETA: 0s - loss: 0.2876 - accuracy: 0.9172
40600/60000 [===================>..........] - ETA: 0s - loss: 0.2893 - accuracy: 0.9165
42200/60000 [====================>.........] - ETA: 0s - loss: 0.2895 - accuracy: 0.9164
44000/60000 [=====================>........] - ETA: 0s - loss: 0.2897 - accuracy: 0.9161
45600/60000 [=====================>........] - ETA: 0s - loss: 0.2899 - accuracy: 0.9162
47200/60000 [======================>.......] - ETA: 0s - loss: 0.2887 - accuracy: 0.9167
48800/60000 [=======================>......] - ETA: 0s - loss: 0.2880 - accuracy: 0.9168
50400/60000 [========================>.....] - ETA: 0s - loss: 0.2880 - accuracy: 0.9169
52000/60000 [=========================>....] - ETA: 0s - loss: 0.2874 - accuracy: 0.9170
53600/60000 [=========================>....] - ETA: 0s - loss: 0.2877 - accuracy: 0.9168
55200/60000 [==========================>...] - ETA: 0s - loss: 0.2880 - accuracy: 0.9166
56800/60000 [===========================>..] - ETA: 0s - loss: 0.2881 - accuracy: 0.9164
58400/60000 [============================>.] - ETA: 0s - loss: 0.2878 - accuracy: 0.9165
60000/60000 [==============================] - 2s 33us/step - loss: 0.2867 - accuracy: 0.9169
Epoch 17/20

  200/60000 [..............................] - ETA: 2s - loss: 0.3763 - accuracy: 0.8950
 1800/60000 [..............................] - ETA: 2s - loss: 0.3098 - accuracy: 0.9044
 3400/60000 [>.............................] - ETA: 1s - loss: 0.2880 - accuracy: 0.9138
 5000/60000 [=>............................] - ETA: 1s - loss: 0.2896 - accuracy: 0.9144
 6600/60000 [==>...........................] - ETA: 1s - loss: 0.2841 - accuracy: 0.9176
 8200/60000 [===>..........................] - ETA: 1s - loss: 0.2855 - accuracy: 0.9162
 9800/60000 [===>..........................] - ETA: 1s - loss: 0.2816 - accuracy: 0.9181
11200/60000 [====>.........................] - ETA: 1s - loss: 0.2796 - accuracy: 0.9183
12600/60000 [=====>........................] - ETA: 1s - loss: 0.2775 - accuracy: 0.9190
14200/60000 [======>.......................] - ETA: 1s - loss: 0.2786 - accuracy: 0.9177
15800/60000 [======>.......................] - ETA: 1s - loss: 0.2773 - accuracy: 0.9182
17400/60000 [=======>......................] - ETA: 1s - loss: 0.2748 - accuracy: 0.9194
19000/60000 [========>.....................] - ETA: 1s - loss: 0.2751 - accuracy: 0.9186
20600/60000 [=========>....................] - ETA: 1s - loss: 0.2769 - accuracy: 0.9187
22200/60000 [==========>...................] - ETA: 1s - loss: 0.2773 - accuracy: 0.9187
23800/60000 [==========>...................] - ETA: 1s - loss: 0.2787 - accuracy: 0.9184
25400/60000 [===========>..................] - ETA: 1s - loss: 0.2794 - accuracy: 0.9181
27000/60000 [============>.................] - ETA: 1s - loss: 0.2781 - accuracy: 0.9187
28600/60000 [=============>................] - ETA: 1s - loss: 0.2769 - accuracy: 0.9190
30200/60000 [==============>...............] - ETA: 0s - loss: 0.2766 - accuracy: 0.9193
31800/60000 [==============>...............] - ETA: 0s - loss: 0.2769 - accuracy: 0.9193
33400/60000 [===============>..............] - ETA: 0s - loss: 0.2773 - accuracy: 0.9190
35000/60000 [================>.............] - ETA: 0s - loss: 0.2774 - accuracy: 0.9189
36600/60000 [=================>............] - ETA: 0s - loss: 0.2770 - accuracy: 0.9192
38200/60000 [==================>...........] - ETA: 0s - loss: 0.2771 - accuracy: 0.9189
39800/60000 [==================>...........] - ETA: 0s - loss: 0.2771 - accuracy: 0.9187
41200/60000 [===================>..........] - ETA: 0s - loss: 0.2774 - accuracy: 0.9186
42800/60000 [====================>.........] - ETA: 0s - loss: 0.2763 - accuracy: 0.9190
44400/60000 [=====================>........] - ETA: 0s - loss: 0.2768 - accuracy: 0.9189
46000/60000 [======================>.......] - ETA: 0s - loss: 0.2772 - accuracy: 0.9186
47600/60000 [======================>.......] - ETA: 0s - loss: 0.2768 - accuracy: 0.9188
49200/60000 [=======================>......] - ETA: 0s - loss: 0.2762 - accuracy: 0.9191
50800/60000 [========================>.....] - ETA: 0s - loss: 0.2764 - accuracy: 0.9192
52400/60000 [=========================>....] - ETA: 0s - loss: 0.2778 - accuracy: 0.9189
54000/60000 [==========================>...] - ETA: 0s - loss: 0.2783 - accuracy: 0.9188
55600/60000 [==========================>...] - ETA: 0s - loss: 0.2781 - accuracy: 0.9188
57200/60000 [===========================>..] - ETA: 0s - loss: 0.2773 - accuracy: 0.9190
58800/60000 [============================>.] - ETA: 0s - loss: 0.2778 - accuracy: 0.9189
60000/60000 [==============================] - 2s 33us/step - loss: 0.2780 - accuracy: 0.9189
Epoch 18/20

  200/60000 [..............................] - ETA: 3s - loss: 0.2735 - accuracy: 0.9150
 1800/60000 [..............................] - ETA: 2s - loss: 0.2626 - accuracy: 0.9211
 3400/60000 [>.............................] - ETA: 1s - loss: 0.2630 - accuracy: 0.9229
 5000/60000 [=>............................] - ETA: 1s - loss: 0.2788 - accuracy: 0.9196
 6600/60000 [==>...........................] - ETA: 1s - loss: 0.2780 - accuracy: 0.9198
 8200/60000 [===>..........................] - ETA: 1s - loss: 0.2818 - accuracy: 0.9190
 9800/60000 [===>..........................] - ETA: 1s - loss: 0.2814 - accuracy: 0.9198
11400/60000 [====>.........................] - ETA: 1s - loss: 0.2813 - accuracy: 0.9191
13000/60000 [=====>........................] - ETA: 1s - loss: 0.2805 - accuracy: 0.9185
14600/60000 [======>.......................] - ETA: 1s - loss: 0.2827 - accuracy: 0.9181
16200/60000 [=======>......................] - ETA: 1s - loss: 0.2800 - accuracy: 0.9188
17800/60000 [=======>......................] - ETA: 1s - loss: 0.2773 - accuracy: 0.9196
19400/60000 [========>.....................] - ETA: 1s - loss: 0.2782 - accuracy: 0.9196
21000/60000 [=========>....................] - ETA: 1s - loss: 0.2753 - accuracy: 0.9205
22600/60000 [==========>...................] - ETA: 1s - loss: 0.2737 - accuracy: 0.9208
24200/60000 [===========>..................] - ETA: 1s - loss: 0.2744 - accuracy: 0.9207
25800/60000 [===========>..................] - ETA: 1s - loss: 0.2748 - accuracy: 0.9205
27400/60000 [============>.................] - ETA: 1s - loss: 0.2764 - accuracy: 0.9199
29000/60000 [=============>................] - ETA: 1s - loss: 0.2764 - accuracy: 0.9201
30600/60000 [==============>...............] - ETA: 0s - loss: 0.2768 - accuracy: 0.9202
32200/60000 [===============>..............] - ETA: 0s - loss: 0.2779 - accuracy: 0.9199
33800/60000 [===============>..............] - ETA: 0s - loss: 0.2755 - accuracy: 0.9204
35400/60000 [================>.............] - ETA: 0s - loss: 0.2737 - accuracy: 0.9210
37000/60000 [=================>............] - ETA: 0s - loss: 0.2737 - accuracy: 0.9208
38600/60000 [==================>...........] - ETA: 0s - loss: 0.2724 - accuracy: 0.9215
40400/60000 [===================>..........] - ETA: 0s - loss: 0.2743 - accuracy: 0.9209
41800/60000 [===================>..........] - ETA: 0s - loss: 0.2737 - accuracy: 0.9212
43400/60000 [====================>.........] - ETA: 0s - loss: 0.2736 - accuracy: 0.9208
45000/60000 [=====================>........] - ETA: 0s - loss: 0.2729 - accuracy: 0.9210
46600/60000 [======================>.......] - ETA: 0s - loss: 0.2733 - accuracy: 0.9208
48200/60000 [=======================>......] - ETA: 0s - loss: 0.2726 - accuracy: 0.9211
49800/60000 [=======================>......] - ETA: 0s - loss: 0.2721 - accuracy: 0.9210
51400/60000 [========================>.....] - ETA: 0s - loss: 0.2717 - accuracy: 0.9213
53000/60000 [=========================>....] - ETA: 0s - loss: 0.2713 - accuracy: 0.9215
54600/60000 [==========================>...] - ETA: 0s - loss: 0.2715 - accuracy: 0.9213
56200/60000 [===========================>..] - ETA: 0s - loss: 0.2714 - accuracy: 0.9213
57800/60000 [===========================>..] - ETA: 0s - loss: 0.2705 - accuracy: 0.9214
59400/60000 [============================>.] - ETA: 0s - loss: 0.2701 - accuracy: 0.9215
60000/60000 [==============================] - 2s 33us/step - loss: 0.2698 - accuracy: 0.9216
Epoch 19/20

  200/60000 [..............................] - ETA: 3s - loss: 0.2776 - accuracy: 0.8950
 1800/60000 [..............................] - ETA: 2s - loss: 0.2491 - accuracy: 0.9283
 3400/60000 [>.............................] - ETA: 1s - loss: 0.2491 - accuracy: 0.9288
 5000/60000 [=>............................] - ETA: 1s - loss: 0.2515 - accuracy: 0.9272
 6600/60000 [==>...........................] - ETA: 1s - loss: 0.2514 - accuracy: 0.9279
 8200/60000 [===>..........................] - ETA: 1s - loss: 0.2523 - accuracy: 0.9271
 9800/60000 [===>..........................] - ETA: 1s - loss: 0.2526 - accuracy: 0.9266
11400/60000 [====>.........................] - ETA: 1s - loss: 0.2558 - accuracy: 0.9254
13000/60000 [=====>........................] - ETA: 1s - loss: 0.2522 - accuracy: 0.9257
14600/60000 [======>.......................] - ETA: 1s - loss: 0.2557 - accuracy: 0.9249
16400/60000 [=======>......................] - ETA: 1s - loss: 0.2550 - accuracy: 0.9255
18000/60000 [========>.....................] - ETA: 1s - loss: 0.2606 - accuracy: 0.9241
19600/60000 [========>.....................] - ETA: 1s - loss: 0.2616 - accuracy: 0.9239
21200/60000 [=========>....................] - ETA: 1s - loss: 0.2611 - accuracy: 0.9243
22800/60000 [==========>...................] - ETA: 1s - loss: 0.2609 - accuracy: 0.9246
24400/60000 [===========>..................] - ETA: 1s - loss: 0.2606 - accuracy: 0.9244
25800/60000 [===========>..................] - ETA: 1s - loss: 0.2611 - accuracy: 0.9239
27400/60000 [============>.................] - ETA: 1s - loss: 0.2599 - accuracy: 0.9241
29000/60000 [=============>................] - ETA: 1s - loss: 0.2607 - accuracy: 0.9237
30600/60000 [==============>...............] - ETA: 0s - loss: 0.2603 - accuracy: 0.9239
32200/60000 [===============>..............] - ETA: 0s - loss: 0.2593 - accuracy: 0.9243
33800/60000 [===============>..............] - ETA: 0s - loss: 0.2606 - accuracy: 0.9236
35400/60000 [================>.............] - ETA: 0s - loss: 0.2606 - accuracy: 0.9239
37000/60000 [=================>............] - ETA: 0s - loss: 0.2596 - accuracy: 0.9242
38600/60000 [==================>...........] - ETA: 0s - loss: 0.2604 - accuracy: 0.9240
40200/60000 [===================>..........] - ETA: 0s - loss: 0.2603 - accuracy: 0.9239
41800/60000 [===================>..........] - ETA: 0s - loss: 0.2604 - accuracy: 0.9243
43400/60000 [====================>.........] - ETA: 0s - loss: 0.2611 - accuracy: 0.9241
45000/60000 [=====================>........] - ETA: 0s - loss: 0.2611 - accuracy: 0.9244
46600/60000 [======================>.......] - ETA: 0s - loss: 0.2615 - accuracy: 0.9242
48200/60000 [=======================>......] - ETA: 0s - loss: 0.2611 - accuracy: 0.9243
49800/60000 [=======================>......] - ETA: 0s - loss: 0.2614 - accuracy: 0.9243
51400/60000 [========================>.....] - ETA: 0s - loss: 0.2615 - accuracy: 0.9241
53000/60000 [=========================>....] - ETA: 0s - loss: 0.2612 - accuracy: 0.9240
54600/60000 [==========================>...] - ETA: 0s - loss: 0.2620 - accuracy: 0.9237
56200/60000 [===========================>..] - ETA: 0s - loss: 0.2617 - accuracy: 0.9238
57800/60000 [===========================>..] - ETA: 0s - loss: 0.2615 - accuracy: 0.9236
59400/60000 [============================>.] - ETA: 0s - loss: 0.2616 - accuracy: 0.9236
60000/60000 [==============================] - 2s 33us/step - loss: 0.2623 - accuracy: 0.9233
Epoch 20/20

  200/60000 [..............................] - ETA: 2s - loss: 0.2725 - accuracy: 0.8900
 1800/60000 [..............................] - ETA: 2s - loss: 0.2415 - accuracy: 0.9239
 3400/60000 [>.............................] - ETA: 1s - loss: 0.2531 - accuracy: 0.9253
 5000/60000 [=>............................] - ETA: 1s - loss: 0.2515 - accuracy: 0.9252
 6600/60000 [==>...........................] - ETA: 1s - loss: 0.2537 - accuracy: 0.9247
 8200/60000 [===>..........................] - ETA: 1s - loss: 0.2582 - accuracy: 0.9248
 9800/60000 [===>..........................] - ETA: 1s - loss: 0.2605 - accuracy: 0.9239
11400/60000 [====>.........................] - ETA: 1s - loss: 0.2595 - accuracy: 0.9231
13000/60000 [=====>........................] - ETA: 1s - loss: 0.2569 - accuracy: 0.9242
14600/60000 [======>.......................] - ETA: 1s - loss: 0.2577 - accuracy: 0.9247
16200/60000 [=======>......................] - ETA: 1s - loss: 0.2574 - accuracy: 0.9247
17800/60000 [=======>......................] - ETA: 1s - loss: 0.2551 - accuracy: 0.9253
19400/60000 [========>.....................] - ETA: 1s - loss: 0.2533 - accuracy: 0.9259
21000/60000 [=========>....................] - ETA: 1s - loss: 0.2531 - accuracy: 0.9257
22600/60000 [==========>...................] - ETA: 1s - loss: 0.2524 - accuracy: 0.9261
24200/60000 [===========>..................] - ETA: 1s - loss: 0.2521 - accuracy: 0.9263
25800/60000 [===========>..................] - ETA: 1s - loss: 0.2536 - accuracy: 0.9259
27400/60000 [============>.................] - ETA: 1s - loss: 0.2527 - accuracy: 0.9262
29000/60000 [=============>................] - ETA: 1s - loss: 0.2535 - accuracy: 0.9259
30600/60000 [==============>...............] - ETA: 0s - loss: 0.2527 - accuracy: 0.9264
32200/60000 [===============>..............] - ETA: 0s - loss: 0.2544 - accuracy: 0.9259
33800/60000 [===============>..............] - ETA: 0s - loss: 0.2552 - accuracy: 0.9256
35400/60000 [================>.............] - ETA: 0s - loss: 0.2548 - accuracy: 0.9258
37000/60000 [=================>............] - ETA: 0s - loss: 0.2544 - accuracy: 0.9261
38600/60000 [==================>...........] - ETA: 0s - loss: 0.2546 - accuracy: 0.9261
40200/60000 [===================>..........] - ETA: 0s - loss: 0.2534 - accuracy: 0.9264
41800/60000 [===================>..........] - ETA: 0s - loss: 0.2530 - accuracy: 0.9262
43400/60000 [====================>.........] - ETA: 0s - loss: 0.2522 - accuracy: 0.9265
45000/60000 [=====================>........] - ETA: 0s - loss: 0.2531 - accuracy: 0.9264
46600/60000 [======================>.......] - ETA: 0s - loss: 0.2531 - accuracy: 0.9265
48200/60000 [=======================>......] - ETA: 0s - loss: 0.2543 - accuracy: 0.9262
49800/60000 [=======================>......] - ETA: 0s - loss: 0.2550 - accuracy: 0.9261
51400/60000 [========================>.....] - ETA: 0s - loss: 0.2547 - accuracy: 0.9260
53000/60000 [=========================>....] - ETA: 0s - loss: 0.2549 - accuracy: 0.9260
54600/60000 [==========================>...] - ETA: 0s - loss: 0.2562 - accuracy: 0.9255
56200/60000 [===========================>..] - ETA: 0s - loss: 0.2563 - accuracy: 0.9256
57800/60000 [===========================>..] - ETA: 0s - loss: 0.2561 - accuracy: 0.9256
59400/60000 [============================>.] - ETA: 0s - loss: 0.2557 - accuracy: 0.9257
60000/60000 [==============================] - 2s 34us/step - loss: 0.2553 - accuracy: 0.9258

   32/10000 [..............................] - ETA: 21s
 1792/10000 [====>.........................] - ETA: 0s 
 3584/10000 [=========>....................] - ETA: 0s
 5376/10000 [===============>..............] - ETA: 0s
 7072/10000 [====================>.........] - ETA: 0s
 8768/10000 [=========================>....] - ETA: 0s
10000/10000 [==============================] - 0s 36us/step
Final accuracy: 0.221399992704
